This is XeTeX, Version 3.141592653-2.6-0.999996 (TeX Live 2024) (preloaded format=xelatex 2024.11.26)  31 JAN 2025 14:26
entering extended mode
 restricted \write18 enabled.
 %&-line parsing enabled.
**vpm_eBird.tex
(./vpm_eBird.tex
LaTeX2e <2024-11-01> patch level 1
L3 programming layer <2024-11-02>
(/Users/oac/Library/TinyTeX/texmf-dist/tex/latex/base/article.cls
Document Class: article 2024/06/29 v1.4n Standard LaTeX document class
(/Users/oac/Library/TinyTeX/texmf-dist/tex/latex/base/size10.clo
File: size10.clo 2024/06/29 v1.4n Standard LaTeX file (size option)
)
\c@part=\count192
\c@section=\count193
\c@subsection=\count194
\c@subsubsection=\count195
\c@paragraph=\count196
\c@subparagraph=\count197
\c@figure=\count198
\c@table=\count199
\abovecaptionskip=\skip49
\belowcaptionskip=\skip50
\bibindent=\dimen141
) (/Users/oac/Library/TinyTeX/texmf-dist/tex/latex/amsmath/amsmath.sty
Package: amsmath 2024/11/05 v2.17t AMS math features
\@mathmargin=\skip51
For additional information on amsmath, use the `?' option.
(/Users/oac/Library/TinyTeX/texmf-dist/tex/latex/amsmath/amstext.sty
Package: amstext 2021/08/26 v2.01 AMS text
(/Users/oac/Library/TinyTeX/texmf-dist/tex/latex/amsmath/amsgen.sty
File: amsgen.sty 1999/11/30 v2.0 generic functions
\@emptytoks=\toks17
\ex@=\dimen142
)) (/Users/oac/Library/TinyTeX/texmf-dist/tex/latex/amsmath/amsbsy.sty
Package: amsbsy 1999/11/29 v1.2d Bold Symbols
\pmbraise@=\dimen143
) (/Users/oac/Library/TinyTeX/texmf-dist/tex/latex/amsmath/amsopn.sty
Package: amsopn 2022/04/08 v2.04 operator names
)
\inf@bad=\count266
LaTeX Info: Redefining \frac on input line 233.
\uproot@=\count267
\leftroot@=\count268
LaTeX Info: Redefining \overline on input line 398.
LaTeX Info: Redefining \colon on input line 409.
\classnum@=\count269
\DOTSCASE@=\count270
LaTeX Info: Redefining \ldots on input line 495.
LaTeX Info: Redefining \dots on input line 498.
LaTeX Info: Redefining \cdots on input line 619.
\Mathstrutbox@=\box52
\strutbox@=\box53
LaTeX Info: Redefining \big on input line 721.
LaTeX Info: Redefining \Big on input line 722.
LaTeX Info: Redefining \bigg on input line 723.
LaTeX Info: Redefining \Bigg on input line 724.
\big@size=\dimen144
LaTeX Font Info:    Redeclaring font encoding OML on input line 742.
LaTeX Font Info:    Redeclaring font encoding OMS on input line 743.
\macc@depth=\count271
LaTeX Info: Redefining \bmod on input line 904.
LaTeX Info: Redefining \pmod on input line 909.
LaTeX Info: Redefining \smash on input line 939.
LaTeX Info: Redefining \relbar on input line 969.
LaTeX Info: Redefining \Relbar on input line 970.
\c@MaxMatrixCols=\count272
\dotsspace@=\muskip17
\c@parentequation=\count273
\dspbrk@lvl=\count274
\tag@help=\toks18
\row@=\count275
\column@=\count276
\maxfields@=\count277
\andhelp@=\toks19
\eqnshift@=\dimen145
\alignsep@=\dimen146
\tagshift@=\dimen147
\tagwidth@=\dimen148
\totwidth@=\dimen149
\lineht@=\dimen150
\@envbody=\toks20
\multlinegap=\skip52
\multlinetaggap=\skip53
\mathdisplay@stack=\toks21
LaTeX Info: Redefining \[ on input line 2953.
LaTeX Info: Redefining \] on input line 2954.
) (/Users/oac/Library/TinyTeX/texmf-dist/tex/latex/amsfonts/amssymb.sty
Package: amssymb 2013/01/14 v3.01 AMS font symbols
(/Users/oac/Library/TinyTeX/texmf-dist/tex/latex/amsfonts/amsfonts.sty
Package: amsfonts 2013/01/14 v3.01 Basic AMSFonts support
\symAMSa=\mathgroup4
\symAMSb=\mathgroup5
LaTeX Font Info:    Redeclaring math symbol \hbar on input line 98.
LaTeX Font Info:    Overwriting math alphabet `\mathfrak' in version `bold'
(Font)                  U/euf/m/n --> U/euf/b/n on input line 106.
)) (/Users/oac/Library/TinyTeX/texmf-dist/tex/latex/lm/lmodern.sty
Package: lmodern 2015/05/01 v1.6.1 Latin Modern Fonts
LaTeX Font Info:    Overwriting symbol font `operators' in version `normal'
(Font)                  OT1/cmr/m/n --> OT1/lmr/m/n on input line 22.
LaTeX Font Info:    Overwriting symbol font `letters' in version `normal'
(Font)                  OML/cmm/m/it --> OML/lmm/m/it on input line 23.
LaTeX Font Info:    Overwriting symbol font `symbols' in version `normal'
(Font)                  OMS/cmsy/m/n --> OMS/lmsy/m/n on input line 24.
LaTeX Font Info:    Overwriting symbol font `largesymbols' in version `normal'
(Font)                  OMX/cmex/m/n --> OMX/lmex/m/n on input line 25.
LaTeX Font Info:    Overwriting symbol font `operators' in version `bold'
(Font)                  OT1/cmr/bx/n --> OT1/lmr/bx/n on input line 26.
LaTeX Font Info:    Overwriting symbol font `letters' in version `bold'
(Font)                  OML/cmm/b/it --> OML/lmm/b/it on input line 27.
LaTeX Font Info:    Overwriting symbol font `symbols' in version `bold'
(Font)                  OMS/cmsy/b/n --> OMS/lmsy/b/n on input line 28.
LaTeX Font Info:    Overwriting symbol font `largesymbols' in version `bold'
(Font)                  OMX/cmex/m/n --> OMX/lmex/m/n on input line 29.
LaTeX Font Info:    Overwriting math alphabet `\mathbf' in version `normal'
(Font)                  OT1/cmr/bx/n --> OT1/lmr/bx/n on input line 31.
LaTeX Font Info:    Overwriting math alphabet `\mathsf' in version `normal'
(Font)                  OT1/cmss/m/n --> OT1/lmss/m/n on input line 32.
LaTeX Font Info:    Overwriting math alphabet `\mathit' in version `normal'
(Font)                  OT1/cmr/m/it --> OT1/lmr/m/it on input line 33.
LaTeX Font Info:    Overwriting math alphabet `\mathtt' in version `normal'
(Font)                  OT1/cmtt/m/n --> OT1/lmtt/m/n on input line 34.
LaTeX Font Info:    Overwriting math alphabet `\mathbf' in version `bold'
(Font)                  OT1/cmr/bx/n --> OT1/lmr/bx/n on input line 35.
LaTeX Font Info:    Overwriting math alphabet `\mathsf' in version `bold'
(Font)                  OT1/cmss/bx/n --> OT1/lmss/bx/n on input line 36.
LaTeX Font Info:    Overwriting math alphabet `\mathit' in version `bold'
(Font)                  OT1/cmr/bx/it --> OT1/lmr/bx/it on input line 37.
LaTeX Font Info:    Overwriting math alphabet `\mathtt' in version `bold'
(Font)                  OT1/cmtt/m/n --> OT1/lmtt/m/n on input line 38.
) (/Users/oac/Library/TinyTeX/texmf-dist/tex/generic/iftex/iftex.sty
Package: iftex 2022/02/03 v1.0f TeX engine tests
) (/Users/oac/Library/TinyTeX/texmf-dist/tex/latex/unicode-math/unicode-math.sty (/Users/oac/Library/TinyTeX/texmf-dist/tex/latex/l3kernel/expl3.sty
Package: expl3 2024-11-02 L3 programming layer (loader) 
(/Users/oac/Library/TinyTeX/texmf-dist/tex/latex/l3backend/l3backend-xetex.def
File: l3backend-xetex.def 2024-05-08 L3 backend support: XeTeX
\g__graphics_track_int=\count278
\l__pdf_internal_box=\box54
\g__pdf_backend_annotation_int=\count279
\g__pdf_backend_link_int=\count280
))
Package: unicode-math 2023/08/13 v0.8r Unicode maths in XeLaTeX and LuaLaTeX
(/Users/oac/Library/TinyTeX/texmf-dist/tex/latex/unicode-math/unicode-math-xetex.sty
Package: unicode-math-xetex 2023/08/13 v0.8r Unicode maths in XeLaTeX and LuaLaTeX
(/Users/oac/Library/TinyTeX/texmf-dist/tex/latex/l3packages/xparse/xparse.sty
Package: xparse 2024-08-16 L3 Experimental document command parser
) (/Users/oac/Library/TinyTeX/texmf-dist/tex/latex/l3packages/l3keys2e/l3keys2e.sty
Package: l3keys2e 2024-08-16 LaTeX2e option processing using LaTeX3 keys
) (/Users/oac/Library/TinyTeX/texmf-dist/tex/latex/fontspec/fontspec.sty
Package: fontspec 2024/05/11 v2.9e Font selection for XeLaTeX and LuaLaTeX
(/Users/oac/Library/TinyTeX/texmf-dist/tex/latex/fontspec/fontspec-xetex.sty
Package: fontspec-xetex 2024/05/11 v2.9e Font selection for XeLaTeX and LuaLaTeX
\l__fontspec_script_int=\count281
\l__fontspec_language_int=\count282
\l__fontspec_strnum_int=\count283
\l__fontspec_tmp_int=\count284
\l__fontspec_tmpa_int=\count285
\l__fontspec_tmpb_int=\count286
\l__fontspec_tmpc_int=\count287
\l__fontspec_em_int=\count288
\l__fontspec_emdef_int=\count289
\l__fontspec_strong_int=\count290
\l__fontspec_strongdef_int=\count291
\l__fontspec_tmpa_dim=\dimen151
\l__fontspec_tmpb_dim=\dimen152
\l__fontspec_tmpc_dim=\dimen153
(/Users/oac/Library/TinyTeX/texmf-dist/tex/latex/base/fontenc.sty
Package: fontenc 2021/04/29 v2.0v Standard LaTeX package
) (/Users/oac/Library/TinyTeX/texmf-dist/tex/latex/fontspec/fontspec.cfg))) (/Users/oac/Library/TinyTeX/texmf-dist/tex/latex/base/fix-cm.sty
Package: fix-cm 2020/11/24 v1.1t fixes to LaTeX
(/Users/oac/Library/TinyTeX/texmf-dist/tex/latex/base/ts1enc.def
File: ts1enc.def 2001/06/05 v3.0e (jk/car/fm) Standard LaTeX file
LaTeX Font Info:    Redeclaring font encoding TS1 on input line 47.
))
\g__um_fam_int=\count292
\g__um_fonts_used_int=\count293
\l__um_primecount_int=\count294
\g__um_primekern_muskip=\muskip18
(/Users/oac/Library/TinyTeX/texmf-dist/tex/latex/unicode-math/unicode-math-table.tex))) (/Users/oac/Library/TinyTeX/texmf-dist/tex/latex/parskip/parskip.sty
Package: parskip 2021-03-14 v2.0h non-zero parskip adjustments
(/Users/oac/Library/TinyTeX/texmf-dist/tex/latex/kvoptions/kvoptions.sty
Package: kvoptions 2022-06-15 v3.15 Key value format for package options (HO)
(/Users/oac/Library/TinyTeX/texmf-dist/tex/latex/graphics/keyval.sty
Package: keyval 2022/05/29 v1.15 key=value parser (DPC)
\KV@toks@=\toks22
) (/Users/oac/Library/TinyTeX/texmf-dist/tex/generic/ltxcmds/ltxcmds.sty
Package: ltxcmds 2023-12-04 v1.26 LaTeX kernel commands for general use (HO)
) (/Users/oac/Library/TinyTeX/texmf-dist/tex/latex/kvsetkeys/kvsetkeys.sty
Package: kvsetkeys 2022-10-05 v1.19 Key value parser (HO)
)) (/Users/oac/Library/TinyTeX/texmf-dist/tex/latex/etoolbox/etoolbox.sty
Package: etoolbox 2020/10/05 v2.5k e-TeX tools for LaTeX (JAW)
\etb@tempcnta=\count295
)) (/Users/oac/Library/TinyTeX/texmf-dist/tex/latex/xcolor/xcolor.sty
Package: xcolor 2024/09/29 v3.02 LaTeX color extensions (UK)
(/Users/oac/Library/TinyTeX/texmf-dist/tex/latex/graphics-cfg/color.cfg
File: color.cfg 2016/01/02 v1.6 sample color configuration
)
Package xcolor Info: Driver file: xetex.def on input line 274.
(/Users/oac/Library/TinyTeX/texmf-dist/tex/latex/graphics-def/xetex.def
File: xetex.def 2022/09/22 v5.0n Graphics/color driver for xetex
) (/Users/oac/Library/TinyTeX/texmf-dist/tex/latex/graphics/mathcolor.ltx)
Package xcolor Info: Model `cmy' substituted by `cmy0' on input line 1349.
Package xcolor Info: Model `RGB' extended on input line 1365.
Package xcolor Info: Model `HTML' substituted by `rgb' on input line 1367.
Package xcolor Info: Model `Hsb' substituted by `hsb' on input line 1368.
Package xcolor Info: Model `tHsb' substituted by `hsb' on input line 1369.
Package xcolor Info: Model `HSB' substituted by `hsb' on input line 1370.
Package xcolor Info: Model `Gray' substituted by `gray' on input line 1371.
Package xcolor Info: Model `wave' substituted by `hsb' on input line 1372.
) (/Users/oac/Library/TinyTeX/texmf-dist/tex/latex/geometry/geometry.sty
Package: geometry 2020/01/02 v5.9 Page Geometry
(/Users/oac/Library/TinyTeX/texmf-dist/tex/generic/iftex/ifvtex.sty
Package: ifvtex 2019/10/25 v1.7 ifvtex legacy package. Use iftex instead.
)
\Gm@cnth=\count296
\Gm@cntv=\count297
\c@Gm@tempcnt=\count298
\Gm@bindingoffset=\dimen154
\Gm@wd@mp=\dimen155
\Gm@odd@mp=\dimen156
\Gm@even@mp=\dimen157
\Gm@layoutwidth=\dimen158
\Gm@layoutheight=\dimen159
\Gm@layouthoffset=\dimen160
\Gm@layoutvoffset=\dimen161
\Gm@dimlist=\toks23
) (/Users/oac/Library/TinyTeX/texmf-dist/tex/latex/fancyvrb/fancyvrb.sty
Package: fancyvrb 2024/01/20 4.5c verbatim text (tvz,hv)
\FV@CodeLineNo=\count299
\FV@InFile=\read2
\FV@TabBox=\box55
\c@FancyVerbLine=\count300
\FV@StepNumber=\count301
\FV@OutFile=\write3
) (/Users/oac/Library/TinyTeX/texmf-dist/tex/latex/framed/framed.sty
Package: framed 2011/10/22 v 0.96: framed or shaded text with page breaks
\OuterFrameSep=\skip54
\fb@frw=\dimen162
\fb@frh=\dimen163
\FrameRule=\dimen164
\FrameSep=\dimen165
) (/Users/oac/Library/TinyTeX/texmf-dist/tex/latex/graphics/graphicx.sty
Package: graphicx 2021/09/16 v1.2d Enhanced LaTeX Graphics (DPC,SPQR)
(/Users/oac/Library/TinyTeX/texmf-dist/tex/latex/graphics/graphics.sty
Package: graphics 2024/08/06 v1.4g Standard LaTeX Graphics (DPC,SPQR)
(/Users/oac/Library/TinyTeX/texmf-dist/tex/latex/graphics/trig.sty
Package: trig 2023/12/02 v1.11 sin cos tan (DPC)
) (/Users/oac/Library/TinyTeX/texmf-dist/tex/latex/graphics-cfg/graphics.cfg
File: graphics.cfg 2016/06/04 v1.11 sample graphics configuration
)
Package graphics Info: Driver file: xetex.def on input line 106.
)
\Gin@req@height=\dimen166
\Gin@req@width=\dimen167
) (/Users/oac/Library/TinyTeX/texmf-dist/tex/latex/placeins/placeins.sty
Package: placeins 2005/04/18  v 2.2
) (/Users/oac/Library/TinyTeX/texmf-dist/tex/latex/caption/caption.sty
Package: caption 2023/08/05 v3.6o Customizing captions (AR)
(/Users/oac/Library/TinyTeX/texmf-dist/tex/latex/caption/caption3.sty
Package: caption3 2023/07/31 v2.4d caption3 kernel (AR)
\caption@tempdima=\dimen168
\captionmargin=\dimen169
\caption@leftmargin=\dimen170
\caption@rightmargin=\dimen171
\caption@width=\dimen172
\caption@indent=\dimen173
\caption@parindent=\dimen174
\caption@hangindent=\dimen175
Package caption Info: Standard document class detected.
)
\c@caption@flags=\count302
\c@continuedfloat=\count303
) (/Users/oac/Library/TinyTeX/texmf-dist/tex/latex/base/flafter.sty
Package: flafter 2021/07/31 v1.4e Standard LaTeX floats after reference (FMi)
Applying: [2015/01/01] float order in 2-column on input line 49.
Already applied: [0000/00/00] float order in 2-column on input line 151.
) (/Users/oac/Library/TinyTeX/texmf-dist/tex/latex/bookmark/bookmark.sty
Package: bookmark 2023-12-10 v1.31 PDF bookmarks (HO)
(/Users/oac/Library/TinyTeX/texmf-dist/tex/latex/hyperref/hyperref.sty
Package: hyperref 2024-11-05 v7.01l Hypertext links for LaTeX
(/Users/oac/Library/TinyTeX/texmf-dist/tex/generic/kvdefinekeys/kvdefinekeys.sty
Package: kvdefinekeys 2019-12-19 v1.6 Define keys (HO)
) (/Users/oac/Library/TinyTeX/texmf-dist/tex/generic/pdfescape/pdfescape.sty
Package: pdfescape 2019/12/09 v1.15 Implements pdfTeX's escape features (HO)
(/Users/oac/Library/TinyTeX/texmf-dist/tex/generic/pdftexcmds/pdftexcmds.sty
Package: pdftexcmds 2020-06-27 v0.33 Utility functions of pdfTeX for LuaTeX (HO)
(/Users/oac/Library/TinyTeX/texmf-dist/tex/generic/infwarerr/infwarerr.sty
Package: infwarerr 2019/12/03 v1.5 Providing info/warning/error messages (HO)
)
Package pdftexcmds Info: \pdf@primitive is available.
Package pdftexcmds Info: \pdf@ifprimitive is available.
Package pdftexcmds Info: \pdfdraftmode not found.
)) (/Users/oac/Library/TinyTeX/texmf-dist/tex/latex/hycolor/hycolor.sty
Package: hycolor 2020-01-27 v1.10 Color options for hyperref/bookmark (HO)
) (/Users/oac/Library/TinyTeX/texmf-dist/tex/latex/hyperref/nameref.sty
Package: nameref 2023-11-26 v2.56 Cross-referencing by name of section
(/Users/oac/Library/TinyTeX/texmf-dist/tex/latex/refcount/refcount.sty
Package: refcount 2019/12/15 v3.6 Data extraction from label references (HO)
) (/Users/oac/Library/TinyTeX/texmf-dist/tex/generic/gettitlestring/gettitlestring.sty
Package: gettitlestring 2019/12/15 v1.6 Cleanup title references (HO)
)
\c@section@level=\count304
) (/Users/oac/Library/TinyTeX/texmf-dist/tex/generic/stringenc/stringenc.sty
Package: stringenc 2019/11/29 v1.12 Convert strings between diff. encodings (HO)
)
\@linkdim=\dimen176
\Hy@linkcounter=\count305
\Hy@pagecounter=\count306
(/Users/oac/Library/TinyTeX/texmf-dist/tex/latex/hyperref/pd1enc.def
File: pd1enc.def 2024-11-05 v7.01l Hyperref: PDFDocEncoding definition (HO)
) (/Users/oac/Library/TinyTeX/texmf-dist/tex/generic/intcalc/intcalc.sty
Package: intcalc 2019/12/15 v1.3 Expandable calculations with integers (HO)
)
\Hy@SavedSpaceFactor=\count307
(/Users/oac/Library/TinyTeX/texmf-dist/tex/latex/hyperref/puenc.def
File: puenc.def 2024-11-05 v7.01l Hyperref: PDF Unicode definition (HO)
)
Package hyperref Info: Option `unicode' set `true' on input line 4040.
Package hyperref Info: Hyper figures OFF on input line 4157.
Package hyperref Info: Link nesting OFF on input line 4162.
Package hyperref Info: Hyper index ON on input line 4165.
Package hyperref Info: Plain pages OFF on input line 4172.
Package hyperref Info: Backreferencing OFF on input line 4177.
Package hyperref Info: Implicit mode ON; LaTeX internals redefined.
Package hyperref Info: Bookmarks ON on input line 4424.
\c@Hy@tempcnt=\count308
(/Users/oac/Library/TinyTeX/texmf-dist/tex/latex/url/url.sty
\Urlmuskip=\muskip19
Package: url 2013/09/16  ver 3.4  Verb mode for urls, etc.
)
LaTeX Info: Redefining \url on input line 4763.
\XeTeXLinkMargin=\dimen177
(/Users/oac/Library/TinyTeX/texmf-dist/tex/generic/bitset/bitset.sty
Package: bitset 2019/12/09 v1.3 Handle bit-vector datatype (HO)
(/Users/oac/Library/TinyTeX/texmf-dist/tex/generic/bigintcalc/bigintcalc.sty
Package: bigintcalc 2019/12/15 v1.5 Expandable calculations on big integers (HO)
))
\Fld@menulength=\count309
\Field@Width=\dimen178
\Fld@charsize=\dimen179
Package hyperref Info: Hyper figures OFF on input line 6042.
Package hyperref Info: Link nesting OFF on input line 6047.
Package hyperref Info: Hyper index ON on input line 6050.
Package hyperref Info: backreferencing OFF on input line 6057.
Package hyperref Info: Link coloring OFF on input line 6062.
Package hyperref Info: Link coloring with OCG OFF on input line 6067.
Package hyperref Info: PDF/A mode OFF on input line 6072.
(/Users/oac/Library/TinyTeX/texmf-dist/tex/latex/base/atbegshi-ltx.sty
Package: atbegshi-ltx 2021/01/10 v1.0c Emulation of the original atbegshi
package with kernel methods
)
\Hy@abspage=\count310
\c@Item=\count311
\c@Hfootnote=\count312
)
Package hyperref Info: Driver (autodetected): hxetex.
(/Users/oac/Library/TinyTeX/texmf-dist/tex/latex/hyperref/hxetex.def
File: hxetex.def 2024-11-05 v7.01l Hyperref driver for XeTeX
\pdfm@box=\box56
\c@Hy@AnnotLevel=\count313
\HyField@AnnotCount=\count314
\Fld@listcount=\count315
\c@bookmark@seq@number=\count316
(/Users/oac/Library/TinyTeX/texmf-dist/tex/latex/rerunfilecheck/rerunfilecheck.sty
Package: rerunfilecheck 2022-07-10 v1.10 Rerun checks for auxiliary files (HO)
(/Users/oac/Library/TinyTeX/texmf-dist/tex/latex/base/atveryend-ltx.sty
Package: atveryend-ltx 2020/08/19 v1.0a Emulation of the original atveryend package
with kernel methods
) (/Users/oac/Library/TinyTeX/texmf-dist/tex/generic/uniquecounter/uniquecounter.sty
Package: uniquecounter 2019/12/15 v1.4 Provide unlimited unique counter (HO)
)
Package uniquecounter Info: New unique counter `rerunfilecheck' on input line 285.
)
\Hy@SectionHShift=\skip55
) (/Users/oac/Library/TinyTeX/texmf-dist/tex/latex/bookmark/bkm-dvipdfm.def
File: bkm-dvipdfm.def 2023-12-10 v1.31 bookmark driver for dvipdfm (HO)
\BKM@id=\count317
)) (./vpm_eBird.aux)
\openout1 = `vpm_eBird.aux'.

LaTeX Font Info:    Checking defaults for OML/cmm/m/it on input line 124.
LaTeX Font Info:    ... okay on input line 124.
LaTeX Font Info:    Checking defaults for OMS/cmsy/m/n on input line 124.
LaTeX Font Info:    ... okay on input line 124.
LaTeX Font Info:    Checking defaults for OT1/cmr/m/n on input line 124.
LaTeX Font Info:    ... okay on input line 124.
LaTeX Font Info:    Checking defaults for T1/cmr/m/n on input line 124.
LaTeX Font Info:    ... okay on input line 124.
LaTeX Font Info:    Checking defaults for TS1/cmr/m/n on input line 124.
LaTeX Font Info:    ... okay on input line 124.
LaTeX Font Info:    Checking defaults for TU/lmr/m/n on input line 124.
LaTeX Font Info:    ... okay on input line 124.
LaTeX Font Info:    Checking defaults for OMX/cmex/m/n on input line 124.
LaTeX Font Info:    ... okay on input line 124.
LaTeX Font Info:    Checking defaults for U/cmr/m/n on input line 124.
LaTeX Font Info:    ... okay on input line 124.
LaTeX Font Info:    Checking defaults for PD1/pdf/m/n on input line 124.
LaTeX Font Info:    ... okay on input line 124.
LaTeX Font Info:    Checking defaults for PU/pdf/m/n on input line 124.
LaTeX Font Info:    ... okay on input line 124.
LaTeX Font Info:    Overwriting math alphabet `\mathrm' in version `normal'
(Font)                  OT1/lmr/m/n --> TU/lmr/m/n on input line 124.
LaTeX Font Info:    Overwriting math alphabet `\mathit' in version `normal'
(Font)                  OT1/lmr/m/it --> TU/lmr/m/it on input line 124.
LaTeX Font Info:    Overwriting math alphabet `\mathbf' in version `normal'
(Font)                  OT1/lmr/bx/n --> TU/lmr/bx/n on input line 124.
LaTeX Font Info:    Overwriting math alphabet `\mathsf' in version `normal'
(Font)                  OT1/lmss/m/n --> TU/lmss/m/n on input line 124.
LaTeX Font Info:    Overwriting math alphabet `\mathsf' in version `bold'
(Font)                  OT1/lmss/bx/n --> TU/lmss/bx/n on input line 124.
LaTeX Font Info:    Overwriting math alphabet `\mathtt' in version `normal'
(Font)                  OT1/lmtt/m/n --> TU/lmtt/m/n on input line 124.
LaTeX Font Info:    Overwriting math alphabet `\mathtt' in version `bold'
(Font)                  OT1/lmtt/m/n --> TU/lmtt/bx/n on input line 124.

Package fontspec Info: 
(fontspec)             latinmodern-math scale = 0.9999964596882403.


Package fontspec Info: 
(fontspec)             latinmodern-math scale = 0.9999964596882403.


Package fontspec Info: 
(fontspec)             latinmodern-math scale = 0.9999964596882403.


Package fontspec Info: 
(fontspec)             Font family 'latinmodern-math.otf(0)' created for font
(fontspec)             'latinmodern-math.otf' with options
(fontspec)             [Scale=MatchLowercase,BoldItalicFont={},ItalicFont={},SmallCapsFont={},Script=Math,BoldFont={latinmodern-math.otf}].
(fontspec)              
(fontspec)              This font family consists of the following NFSS
(fontspec)             series/shapes:
(fontspec)              
(fontspec)             - 'normal' (m/n) with NFSS spec.:
(fontspec)             <->s*[0.9999964596882403]"[latinmodern-math.otf]/OT:script=math;language=dflt;"
(fontspec)             - 'bold' (b/n) with NFSS spec.:
(fontspec)             <->s*[0.9999964596882403]"[latinmodern-math.otf]/OT:script=math;language=dflt;"

LaTeX Font Info:    Font shape `TU/latinmodern-math.otf(0)/m/n' will be
(Font)              scaled to size 10.0pt on input line 124.

Package fontspec Info: 
(fontspec)             latinmodern-math scale = 0.9999964596882403.


Package fontspec Info: 
(fontspec)             latinmodern-math scale = 0.9999964596882403.


Package fontspec Info: 
(fontspec)             latinmodern-math scale = 0.9999964596882403.


Package fontspec Info: 
(fontspec)             latinmodern-math scale = 0.9999964596882403.


Package fontspec Info: 
(fontspec)             latinmodern-math scale = 0.9999964596882403.


Package fontspec Info: 
(fontspec)             Font family 'latinmodern-math.otf(1)' created for font
(fontspec)             'latinmodern-math.otf' with options
(fontspec)             [Scale=MatchLowercase,BoldItalicFont={},ItalicFont={},SmallCapsFont={},Script=Math,SizeFeatures={{Size=8.5-},{Size=6-8.5,Font=latinmodern-math.otf,Style=MathScript},{Size=-6,Font=latinmodern-math.otf,Style=MathScriptScript}},BoldFont={latinmodern-math.otf}].
(fontspec)              
(fontspec)              This font family consists of the following NFSS
(fontspec)             series/shapes:
(fontspec)              
(fontspec)             - 'normal' (m/n) with NFSS spec.:
(fontspec)             <8.5->s*[0.9999964596882403]"[latinmodern-math.otf]/OT:script=math;language=dflt;"<6-8.5>s*[0.9999964596882403]"[latinmodern-math.otf]/OT:script=math;language=dflt;+ssty=0;"<-6>s*[0.9999964596882403]"[latinmodern-math.otf]/OT:script=math;language=dflt;+ssty=1;"
(fontspec)             - 'bold' (b/n) with NFSS spec.:
(fontspec)             <->s*[0.9999964596882403]"[latinmodern-math.otf]/OT:script=math;language=dflt;"

LaTeX Font Info:    Font shape `TU/latinmodern-math.otf(1)/m/n' will be
(Font)              scaled to size 10.0pt on input line 124.
LaTeX Font Info:    Encoding `OT1' has changed to `TU' for symbol font
(Font)              `operators' in the math version `normal' on input line 124.
LaTeX Font Info:    Overwriting symbol font `operators' in version `normal'
(Font)                  OT1/lmr/m/n --> TU/latinmodern-math.otf(1)/m/n on input line 124.
LaTeX Font Info:    Encoding `OT1' has changed to `TU' for symbol font
(Font)              `operators' in the math version `bold' on input line 124.
LaTeX Font Info:    Overwriting symbol font `operators' in version `bold'
(Font)                  OT1/lmr/bx/n --> TU/latinmodern-math.otf(1)/b/n on input line 124.

Package fontspec Info: 
(fontspec)             latinmodern-math scale = 0.9999964596882403.


Package fontspec Info: 
(fontspec)             latinmodern-math scale = 1.000096459334209.


Package fontspec Info: 
(fontspec)             latinmodern-math scale = 0.9999964596882403.


Package fontspec Info: 
(fontspec)             latinmodern-math scale = 1.000096459334209.


Package fontspec Info: 
(fontspec)             latinmodern-math scale = 0.9999964596882403.


Package fontspec Info: 
(fontspec)             latinmodern-math scale = 1.000096459334209.


Package fontspec Info: 
(fontspec)             latinmodern-math scale = 0.9999964596882403.


Package fontspec Info: 
(fontspec)             latinmodern-math scale = 1.000096459334209.


Package fontspec Info: 
(fontspec)             latinmodern-math scale = 0.9999964596882403.


Package fontspec Info: 
(fontspec)             latinmodern-math scale = 1.000096459334209.


Package fontspec Info: 
(fontspec)             Font family 'latinmodern-math.otf(2)' created for font
(fontspec)             'latinmodern-math.otf' with options
(fontspec)             [Scale=MatchLowercase,BoldItalicFont={},ItalicFont={},SmallCapsFont={},Script=Math,SizeFeatures={{Size=8.5-},{Size=6-8.5,Font=latinmodern-math.otf,Style=MathScript},{Size=-6,Font=latinmodern-math.otf,Style=MathScriptScript}},BoldFont={latinmodern-math.otf},ScaleAgain=1.0001,FontAdjustment={\fontdimen
(fontspec)             8\font =6.77pt\relax \fontdimen 9\font =3.94pt\relax
(fontspec)             \fontdimen 10\font =4.44pt\relax \fontdimen 11\font
(fontspec)             =6.86pt\relax \fontdimen 12\font =3.45pt\relax
(fontspec)             \fontdimen 13\font =3.63pt\relax \fontdimen 14\font
(fontspec)             =3.63pt\relax \fontdimen 15\font =2.89pt\relax
(fontspec)             \fontdimen 16\font =2.47pt\relax \fontdimen 17\font
(fontspec)             =2.47pt\relax \fontdimen 18\font =2.5pt\relax
(fontspec)             \fontdimen 19\font =2.0pt\relax \fontdimen 22\font
(fontspec)             =2.5pt\relax \fontdimen 20\font =0pt\relax \fontdimen
(fontspec)             21\font =0pt\relax }].
(fontspec)              
(fontspec)              This font family consists of the following NFSS
(fontspec)             series/shapes:
(fontspec)              
(fontspec)             - 'normal' (m/n) with NFSS spec.:
(fontspec)             <8.5->s*[1.000096459334209]"[latinmodern-math.otf]/OT:script=math;language=dflt;"<6-8.5>s*[1.000096459334209]"[latinmodern-math.otf]/OT:script=math;language=dflt;+ssty=0;"<-6>s*[1.000096459334209]"[latinmodern-math.otf]/OT:script=math;language=dflt;+ssty=1;"
(fontspec)             - 'bold' (b/n) with NFSS spec.:
(fontspec)             <->s*[1.000096459334209]"[latinmodern-math.otf]/OT:script=math;language=dflt;"

LaTeX Font Info:    Encoding `OMS' has changed to `TU' for symbol font
(Font)              `symbols' in the math version `normal' on input line 124.
LaTeX Font Info:    Overwriting symbol font `symbols' in version `normal'
(Font)                  OMS/lmsy/m/n --> TU/latinmodern-math.otf(2)/m/n on input line 124.
LaTeX Font Info:    Encoding `OMS' has changed to `TU' for symbol font
(Font)              `symbols' in the math version `bold' on input line 124.
LaTeX Font Info:    Overwriting symbol font `symbols' in version `bold'
(Font)                  OMS/lmsy/b/n --> TU/latinmodern-math.otf(2)/b/n on input line 124.

Package fontspec Info: 
(fontspec)             latinmodern-math scale = 0.9999964596882403.


Package fontspec Info: 
(fontspec)             latinmodern-math scale = 0.9998964600422715.


Package fontspec Info: 
(fontspec)             latinmodern-math scale = 0.9999964596882403.


Package fontspec Info: 
(fontspec)             latinmodern-math scale = 0.9998964600422715.


Package fontspec Info: 
(fontspec)             latinmodern-math scale = 0.9999964596882403.


Package fontspec Info: 
(fontspec)             latinmodern-math scale = 0.9998964600422715.


Package fontspec Info: 
(fontspec)             latinmodern-math scale = 0.9999964596882403.


Package fontspec Info: 
(fontspec)             latinmodern-math scale = 0.9998964600422715.


Package fontspec Info: 
(fontspec)             latinmodern-math scale = 0.9999964596882403.


Package fontspec Info: 
(fontspec)             latinmodern-math scale = 0.9998964600422715.


Package fontspec Info: 
(fontspec)             Font family 'latinmodern-math.otf(3)' created for font
(fontspec)             'latinmodern-math.otf' with options
(fontspec)             [Scale=MatchLowercase,BoldItalicFont={},ItalicFont={},SmallCapsFont={},Script=Math,SizeFeatures={{Size=8.5-},{Size=6-8.5,Font=latinmodern-math.otf,Style=MathScript},{Size=-6,Font=latinmodern-math.otf,Style=MathScriptScript}},BoldFont={latinmodern-math.otf},ScaleAgain=0.9999,FontAdjustment={\fontdimen
(fontspec)             8\font =0.4pt\relax \fontdimen 9\font =2.0pt\relax
(fontspec)             \fontdimen 10\font =1.67pt\relax \fontdimen 11\font
(fontspec)             =1.11pt\relax \fontdimen 12\font =6.0pt\relax
(fontspec)             \fontdimen 13\font =0pt\relax }].
(fontspec)              
(fontspec)              This font family consists of the following NFSS
(fontspec)             series/shapes:
(fontspec)              
(fontspec)             - 'normal' (m/n) with NFSS spec.:
(fontspec)             <8.5->s*[0.9998964600422715]"[latinmodern-math.otf]/OT:script=math;language=dflt;"<6-8.5>s*[0.9998964600422715]"[latinmodern-math.otf]/OT:script=math;language=dflt;+ssty=0;"<-6>s*[0.9998964600422715]"[latinmodern-math.otf]/OT:script=math;language=dflt;+ssty=1;"
(fontspec)             - 'bold' (b/n) with NFSS spec.:
(fontspec)             <->s*[0.9998964600422715]"[latinmodern-math.otf]/OT:script=math;language=dflt;"

LaTeX Font Info:    Encoding `OMX' has changed to `TU' for symbol font
(Font)              `largesymbols' in the math version `normal' on input line 124.
LaTeX Font Info:    Overwriting symbol font `largesymbols' in version `normal'
(Font)                  OMX/lmex/m/n --> TU/latinmodern-math.otf(3)/m/n on input line 124.
LaTeX Font Info:    Encoding `OMX' has changed to `TU' for symbol font
(Font)              `largesymbols' in the math version `bold' on input line 124.
LaTeX Font Info:    Overwriting symbol font `largesymbols' in version `bold'
(Font)                  OMX/lmex/m/n --> TU/latinmodern-math.otf(3)/b/n on input line 124.
*geometry* driver: auto-detecting
*geometry* detected driver: xetex
*geometry* verbose mode - [ preamble ] result:
* driver: xetex
* paper: <default>
* layout: <same size as paper>
* layoutoffset:(h,v)=(0.0pt,0.0pt)
* modes: 
* h-part:(L,W,R)=(72.26999pt, 469.75502pt, 72.26999pt)
* v-part:(T,H,B)=(72.26999pt, 650.43001pt, 72.26999pt)
* \paperwidth=614.295pt
* \paperheight=794.96999pt
* \textwidth=469.75502pt
* \textheight=650.43001pt
* \oddsidemargin=0.0pt
* \evensidemargin=0.0pt
* \topmargin=-37.0pt
* \headheight=12.0pt
* \headsep=25.0pt
* \topskip=10.0pt
* \footskip=30.0pt
* \marginparwidth=65.0pt
* \marginparsep=11.0pt
* \columnsep=10.0pt
* \skip\footins=9.0pt plus 4.0pt minus 2.0pt
* \hoffset=0.0pt
* \voffset=0.0pt
* \mag=1000
* \@twocolumnfalse
* \@twosidefalse
* \@mparswitchfalse
* \@reversemarginfalse
* (1in=72.27pt=25.4mm, 1cm=28.453pt)

Package caption Info: Begin \AtBeginDocument code.
Package caption Info: hyperref package is loaded.
Package caption Info: End \AtBeginDocument code.
Package hyperref Info: Link coloring OFF on input line 124.
LaTeX Font Info:    Font shape `TU/latinmodern-math.otf(1)/m/n' will be
(Font)              scaled to size 12.0pt on input line 126.
LaTeX Font Info:    Font shape `TU/latinmodern-math.otf(1)/m/n' will be
(Font)              scaled to size 8.0pt on input line 126.
LaTeX Font Info:    Font shape `TU/latinmodern-math.otf(1)/m/n' will be
(Font)              scaled to size 6.0pt on input line 126.
LaTeX Font Info:    Trying to load font information for OML+lmm on input line 126.
(/Users/oac/Library/TinyTeX/texmf-dist/tex/latex/lm/omllmm.fd
File: omllmm.fd 2015/05/01 v1.6.1 Font defs for Latin Modern
)
LaTeX Font Info:    Font shape `TU/latinmodern-math.otf(2)/m/n' will be
(Font)              scaled to size 12.0011pt on input line 126.
LaTeX Font Info:    Font shape `TU/latinmodern-math.otf(2)/m/n' will be
(Font)              scaled to size 8.00073pt on input line 126.
LaTeX Font Info:    Font shape `TU/latinmodern-math.otf(2)/m/n' will be
(Font)              scaled to size 6.00055pt on input line 126.
LaTeX Font Info:    Font shape `TU/latinmodern-math.otf(3)/m/n' will be
(Font)              scaled to size 11.99872pt on input line 126.
LaTeX Font Info:    Font shape `TU/latinmodern-math.otf(3)/m/n' will be
(Font)              scaled to size 7.99915pt on input line 126.
LaTeX Font Info:    Font shape `TU/latinmodern-math.otf(3)/m/n' will be
(Font)              scaled to size 5.99936pt on input line 126.
LaTeX Font Info:    Trying to load font information for U+msa on input line 126.
(/Users/oac/Library/TinyTeX/texmf-dist/tex/latex/amsfonts/umsa.fd
File: umsa.fd 2013/01/14 v3.01 AMS symbols A
)
LaTeX Font Info:    Trying to load font information for U+msb on input line 126.
(/Users/oac/Library/TinyTeX/texmf-dist/tex/latex/amsfonts/umsb.fd
File: umsb.fd 2013/01/14 v3.01 AMS symbols B
) (./vpm_eBird.toc
LaTeX Font Info:    Font shape `TU/latinmodern-math.otf(1)/m/n' will be
(Font)              scaled to size 7.0pt on input line 3.
LaTeX Font Info:    Font shape `TU/latinmodern-math.otf(1)/m/n' will be
(Font)              scaled to size 5.0pt on input line 3.
LaTeX Font Info:    Font shape `TU/latinmodern-math.otf(2)/m/n' will be
(Font)              scaled to size 10.00092pt on input line 3.
LaTeX Font Info:    Font shape `TU/latinmodern-math.otf(2)/m/n' will be
(Font)              scaled to size 7.00064pt on input line 3.
LaTeX Font Info:    Font shape `TU/latinmodern-math.otf(2)/m/n' will be
(Font)              scaled to size 5.00046pt on input line 3.
LaTeX Font Info:    Font shape `TU/latinmodern-math.otf(3)/m/n' will be
(Font)              scaled to size 9.99893pt on input line 3.
LaTeX Font Info:    Font shape `TU/latinmodern-math.otf(3)/m/n' will be
(Font)              scaled to size 6.99925pt on input line 3.
LaTeX Font Info:    Font shape `TU/latinmodern-math.otf(3)/m/n' will be
(Font)              scaled to size 4.99947pt on input line 3.


[1

])
\tf@toc=\write4
\openout4 = `vpm_eBird.toc'.



[2]
File: results/Figure1.png Graphic file (type bmp)
<results/Figure1.png>


[3

]

[4]

[5

]
LaTeX Font Info:    Font shape `TU/lmtt/bx/n' in size <10> not available
(Font)              Font shape `TU/lmtt/b/n' tried instead on input line 373.


[6]

[7]
Underfull \vbox (badness 5741) detected at line 600
 []



[8]
Underfull \vbox (badness 5741) detected at line 666
 []



[9]
Underfull \vbox (badness 7504) detected at line 719
 []



[10]
Underfull \vbox (badness 5741) detected at line 759
 []



[11]

[12]

[13]
Underfull \vbox (badness 5741) detected at line 1020
 []



[14]
Underfull \vbox (badness 7504) detected at line 1090
 []



[15]
Underfull \vbox (badness 7504) detected at line 1193
 []



[16]
Underfull \vbox (badness 10000) detected at line 1193
 []


Underfull \vbox (badness 10000) detected at line 1193
 []



[17]

[18]
File: data_raw/Sign_in_eBird.png Graphic file (type bmp)
<data_raw/Sign_in_eBird.png>
File: data_raw/eBird_home_ed.png Graphic file (type bmp)
<data_raw/eBird_home_ed.png>
File: data_raw/eBird_access.png Graphic file (type bmp)
<data_raw/eBird_access.png>
File: data_raw/SnailKite_Florida_access_eBird.png Graphic file (type bmp)
<data_raw/SnailKite_Florida_access_eBird.png>
File: data_raw/files_deployment.png Graphic file (type bmp)
<data_raw/files_deployment.png>


[19

]

[20]

[21]
Overfull \hbox (97.24498pt too wide) in paragraph at lines 1366--1366
[]\TU/lmtt/m/n/10 ## Resolution: 12, Area (km^2): 95.9778454662114, Spacing (km): 9.67579208698331, CLS (km): 11.0545373458563[] 
 []

File: data_raw/ebd_filt_head.png Graphic file (type bmp)
<data_raw/ebd_filt_head.png>


[22]
File: data_raw/ebd_filt_head2.png Graphic file (type bmp)
<data_raw/ebd_filt_head2.png>


[23]
File: data_raw/ebd_filt_head_cell.png Graphic file (type bmp)
<data_raw/ebd_filt_head_cell.png>
File: data_tmp/FigSI-1_HistogramTemporalBias.png Graphic file (type bmp)
<data_tmp/FigSI-1_HistogramTemporalBias.png>


[24]

[25]

[26]
File: data_raw/PP_and_PPC_map-min.png Graphic file (type bmp)
<data_raw/PP_and_PPC_map-min.png>
File: data_raw/world1.png Graphic file (type bmp)
<data_raw/world1.png>
File: data_raw/head_obs_SK_cell.png Graphic file (type bmp)
<data_raw/head_obs_SK_cell.png>


[27

]
File: data_raw/head_cells_SK_wrapped.png Graphic file (type bmp)
<data_raw/head_cells_SK_wrapped.png>


[28]
Underfull \vbox (badness 10000) detected at line 1829
 []


Underfull \vbox (badness 10000) detected at line 1829
 []



[29]
File: results/Fig2_SnailKitesMap.png Graphic file (type bmp)
<results/Fig2_SnailKitesMap.png>


[30]

[31]
Overfull \hbox (70.99498pt too wide) in paragraph at lines 1947--1947
[]\TU/lmtt/m/n/10 ## `summarise()` has grouped output by 'Time.t', 'year'. You can override using the `.groups` argument.[] 
 []



[32]

[33]

[34]
File: vpm_eBird_files/figure-latex/Figure time series counts per week-1.pdf Graphic file (type pdf)
<use vpm_eBird_files/figure-latex/Figure time series counts per week-1.pdf>


[35]
LaTeX Font Info:    Font shape `TU/latinmodern-math.otf(1)/m/n' will be
(Font)              scaled to size 14.4pt on input line 2194.
LaTeX Font Info:    Font shape `TU/latinmodern-math.otf(2)/m/n' will be
(Font)              scaled to size 14.4013pt on input line 2194.
LaTeX Font Info:    Font shape `TU/latinmodern-math.otf(3)/m/n' will be
(Font)              scaled to size 14.39845pt on input line 2194.


[36

]
File: vpm_eBird_files/figure-latex/predict initial dynamic trajectory with model fitted-1.pdf Graphic file (type pdf)
<use vpm_eBird_files/figure-latex/predict initial dynamic trajectory with model fitted-1.pdf>


[37]

[38]
File: vpm_eBird_files/figure-latex/predict initial dynamic trajectory SK project-1.pdf Graphic file (type pdf)
<use vpm_eBird_files/figure-latex/predict initial dynamic trajectory SK project-1.pdf>


[39]
Overfull \vbox (1.68414pt too high) detected at line 2546
 []



[40]
File: vpm_eBird_files/figure-latex/Figure 3a-1.pdf Graphic file (type pdf)
<use vpm_eBird_files/figure-latex/Figure 3a-1.pdf>


[41]

[42]
File: vpm_eBird_files/figure-latex/Figure 3b-1.pdf Graphic file (type pdf)
<use vpm_eBird_files/figure-latex/Figure 3b-1.pdf>


[43]
File: vpm_eBird_files/figure-latex/Figure 3b-2.pdf Graphic file (type pdf)
<use vpm_eBird_files/figure-latex/Figure 3b-2.pdf>


[44]
File: results/Figure3ab_EstimatedTrajectory2initdays.png Graphic file (type bmp)
<results/Figure3ab_EstimatedTrajectory2initdays.png>


[45]

[46]
Underfull \vbox (badness 10000) detected at line 2821
 []



[47]
Missing character: There is no φ (U+03C6) in font [lmmono10-italic]:!
Missing character: There is no φ (U+03C6) in font [lmmono10-regular]:!

Overfull \vbox (1.52994pt too high) detected at line 2970
 []



[48]
Underfull \vbox (badness 10000) detected at line 2970
 []


Underfull \vbox (badness 10000) detected at line 2970
 []



[49]
File: supporting/FigS2_Step2_1stTrajectories_10_5_150.png Graphic file (type bmp)
<supporting/FigS2_Step2_1stTrajectories_10_5_150.png>
File: supporting/FigS2_Step2_1stTrajectories_10_5_250.png Graphic file (type bmp)
<supporting/FigS2_Step2_1stTrajectories_10_5_250.png>
File: supporting/FigS2_Step2_1stTrajectories_10_5_500.png Graphic file (type bmp)
<supporting/FigS2_Step2_1stTrajectories_10_5_500.png>


[50]

[51]

[52]
Missing character: There is no φ (U+03C6) in font [lmmono10-italic]:!
Missing character: There is no φ (U+03C6) in font [lmmono10-regular]:!


[53]
Underfull \vbox (badness 10000) detected at line 3256
 []


Underfull \vbox (badness 10000) detected at line 3256
 []



[54]
File: supporting/FigS3_Step3_2ndTrajectories_10_5_150.png Graphic file (type bmp)
<supporting/FigS3_Step3_2ndTrajectories_10_5_150.png>
File: supporting/FigS3_Step3_2ndTrajectories_10_5_250.png Graphic file (type bmp)
<supporting/FigS3_Step3_2ndTrajectories_10_5_250.png>
File: supporting/FigS3_Step3_2ndTrajectories_10_5_500.png Graphic file (type bmp)
<supporting/FigS3_Step3_2ndTrajectories_10_5_500.png>


[55]
Missing character: There is no φ (U+03C6) in font [lmmono10-italic]:!
Missing character: There is no φ (U+03C6) in font [lmmono10-regular]:!
Missing character: There is no φ (U+03C6) in font [lmmono10-regular]:!

Underfull \vbox (badness 10000) detected at line 3534
 []


Underfull \vbox (badness 10000) detected at line 3534
 []



[56]
Underfull \vbox (badness 10000) detected at line 3534
 []


Underfull \vbox (badness 10000) detected at line 3534
 []



[57]
Underfull \vbox (badness 10000) detected at line 3534
 []


Underfull \vbox (badness 10000) detected at line 3534
 []



[58]
Underfull \vbox (badness 10000) detected at line 3534
 []


Underfull \vbox (badness 10000) detected at line 3534
 []



[59]
File: data_raw/IteratingSome.png Graphic file (type bmp)
<data_raw/IteratingSome.png>
File: supporting/FigS4_Step4_IterateTraj_10_5_endpos_101_timeframe_150.png Graphic file (type bmp)
<supporting/FigS4_Step4_IterateTraj_10_5_endpos_101_timeframe_150.png>
File: supporting/FigS4_Step4_IterateTraj_10_5_endpos_211_timeframe_150.png Graphic file (type bmp)
<supporting/FigS4_Step4_IterateTraj_10_5_endpos_211_timeframe_150.png>


[60]
File: supporting/FigS4_Step4_IterateTraj_10_5_endpos_316_timeframe_150.png Graphic file (type bmp)
<supporting/FigS4_Step4_IterateTraj_10_5_endpos_316_timeframe_150.png>

Overfull \hbox (14.62276pt too wide) in paragraph at lines 3585--3587
 \TU/lmr/bx/n/10 5.4.1.2 Trajectories in timeframe of ~5 years.[] \TU/lmr/m/n/10 How is changing in 5 moments $[]$? 
 []

File: supporting/FigS4_Step4_IterateTraj_10_5_endpos_101_timeframe_250.png Graphic file (type bmp)
<supporting/FigS4_Step4_IterateTraj_10_5_endpos_101_timeframe_250.png>
File: supporting/FigS4_Step4_IterateTraj_10_5_endpos_211_timeframe_250.png Graphic file (type bmp)
<supporting/FigS4_Step4_IterateTraj_10_5_endpos_211_timeframe_250.png>
File: supporting/FigS4_Step4_IterateTraj_10_5_endpos_316_timeframe_250.png Graphic file (type bmp)
<supporting/FigS4_Step4_IterateTraj_10_5_endpos_316_timeframe_250.png>


[61]
Overfull \hbox (17.08977pt too wide) in paragraph at lines 3618--3620
 \TU/lmr/bx/n/10 5.4.1.3 Trajectories in timeframe of ~10 years.[] \TU/lmr/m/n/10 How is changing in 5 moments $[]$? 
 []

File: supporting/FigS4_Step4_IterateTraj_10_5_endpos_101_timeframe_500.png Graphic file (type bmp)
<supporting/FigS4_Step4_IterateTraj_10_5_endpos_101_timeframe_500.png>
File: supporting/FigS4_Step4_IterateTraj_10_5_endpos_211_timeframe_500.png Graphic file (type bmp)
<supporting/FigS4_Step4_IterateTraj_10_5_endpos_211_timeframe_500.png>
File: supporting/FigS4_Step4_IterateTraj_10_5_endpos_316_timeframe_500.png Graphic file (type bmp)
<supporting/FigS4_Step4_IterateTraj_10_5_endpos_316_timeframe_500.png>


[62]
Missing character: There is no φ (U+03C6) in font [lmmono10-italic]:!

Underfull \vbox (badness 10000) detected at line 3795
 []



[63]
Underfull \vbox (badness 10000) detected at line 3795
 []


Underfull \vbox (badness 10000) detected at line 3795
 []



[64]
Underfull \vbox (badness 10000) detected at line 3795
 []


Underfull \vbox (badness 10000) detected at line 3795
 []



[65]
File: data_raw/IterateAll_eBird_NoFigs.png Graphic file (type bmp)
<data_raw/IterateAll_eBird_NoFigs.png>
File: data_raw/IterateAll_eBird_NoFigs2.png Graphic file (type bmp)
<data_raw/IterateAll_eBird_NoFigs2.png>


[66]
File: data_raw/eBird_phi_hat_SD_head.png Graphic file (type bmp)
<data_raw/eBird_phi_hat_SD_head.png>
Missing character: There is no φ (U+03C6) in font [lmmono10-italic]:!


[67]
Underfull \vbox (badness 10000) detected at line 3965
 []


Underfull \vbox (badness 10000) detected at line 3965
 []



[68]
File: data_raw/IterateAll_eBird_NoFigs_EGSS.png Graphic file (type bmp)
<data_raw/IterateAll_eBird_NoFigs_EGSS.png>
File: data_raw/IterateAll_eBird_NoFigs_EGSS2.png Graphic file (type bmp)
<data_raw/IterateAll_eBird_NoFigs_EGSS2.png>


[69]
File: data_raw/eBird_phi_hat_SD_EGSS_parms.png Graphic file (type bmp)
<data_raw/eBird_phi_hat_SD_EGSS_parms.png>


[70]
Missing character: There is no φ (U+03C6) in font [lmmono10-italic]:!
Missing character: There is no φ (U+03C6) in font [lmmono10-regular]:!
Missing character: There is no φ (U+03C6) in font [lmmono10-regular]:!


[71]
Underfull \vbox (badness 10000) detected at line 4305
 []


Underfull \vbox (badness 10000) detected at line 4305
 []



[72]
Underfull \vbox (badness 10000) detected at line 4305
 []


Underfull \vbox (badness 10000) detected at line 4305
 []



[73]
Underfull \vbox (badness 10000) detected at line 4305
 []


Underfull \vbox (badness 10000) detected at line 4305
 []



[74]
File: data_raw/SM_phi_hat_SD_head.png Graphic file (type bmp)
<data_raw/SM_phi_hat_SD_head.png>
File: data_raw/SM_phi_hat_SD_head2.png Graphic file (type bmp)
<data_raw/SM_phi_hat_SD_head2.png>


[75]
File: supporting/FigS5_IterateTrajSM_10_5_endpos_211_timeframe_150.png Graphic file (type bmp)
<supporting/FigS5_IterateTrajSM_10_5_endpos_211_timeframe_150.png>
File: supporting/FigS5_IterateTrajSM_10_5_endpos_316_timeframe_150.png Graphic file (type bmp)
<supporting/FigS5_IterateTrajSM_10_5_endpos_316_timeframe_150.png>

Overfull \hbox (4.11073pt too wide) in paragraph at lines 4382--4384
 \TU/lmr/bx/n/10 5.4.4.2 Trajectories in timeframe of ~5 years[] \TU/lmr/m/n/10 How is changing in 2 moments $[]$? 
 []

File: supporting/FigS5_IterateTrajSM_10_5_endpos_211_timeframe_250.png Graphic file (type bmp)
<supporting/FigS5_IterateTrajSM_10_5_endpos_211_timeframe_250.png>
File: supporting/FigS5_IterateTrajSM_10_5_endpos_316_timeframe_250.png Graphic file (type bmp)
<supporting/FigS5_IterateTrajSM_10_5_endpos_316_timeframe_250.png>


[76]
Overfull \hbox (9.76775pt too wide) in paragraph at lines 4405--4407
 \TU/lmr/bx/n/10 5.4.4.3 Trajectories in timeframe of ~10 years.[] \TU/lmr/m/n/10 How is changing in 2 moments $[]$? 
 []

File: supporting/FigS5_IterateTrajSM_10_5_endpos_211_timeframe_500.png Graphic file (type bmp)
<supporting/FigS5_IterateTrajSM_10_5_endpos_211_timeframe_500.png>
File: supporting/FigS5_IterateTrajSM_10_5_endpos_316_timeframe_500.png Graphic file (type bmp)
<supporting/FigS5_IterateTrajSM_10_5_endpos_316_timeframe_500.png>


[77]

[78]

[79

]

[80]

[81]

[82]
File: vpm_eBird_files/figure-latex/figure 4a-1.pdf Graphic file (type pdf)
<use vpm_eBird_files/figure-latex/figure 4a-1.pdf>


[83]
File: vpm_eBird_files/figure-latex/figure 4a-2.pdf Graphic file (type pdf)
<use vpm_eBird_files/figure-latex/figure 4a-2.pdf>


[84]

[85]
Underfull \vbox (badness 10000) detected at line 4891
 []



[86]
File: vpm_eBird_files/figure-latex/figure 4b-1.pdf Graphic file (type pdf)
<use vpm_eBird_files/figure-latex/figure 4b-1.pdf>


[87]
Underfull \vbox (badness 10000) detected at line 4956
 []



[88]
File: vpm_eBird_files/figure-latex/figure 4b-2.pdf Graphic file (type pdf)
<use vpm_eBird_files/figure-latex/figure 4b-2.pdf>

Underfull \vbox (badness 1394) detected at line 4981
 []



[89]

[90]

[91]
File: vpm_eBird_files/figure-latex/figure 4c-1.pdf Graphic file (type pdf)
<use vpm_eBird_files/figure-latex/figure 4c-1.pdf>


[92]
File: vpm_eBird_files/figure-latex/figure 4c-2.pdf Graphic file (type pdf)
<use vpm_eBird_files/figure-latex/figure 4c-2.pdf>


[93]
File: vpm_eBird_files/figure-latex/exporting Figure 3 - extended figure-1.pdf Graphic file (type pdf)
<use vpm_eBird_files/figure-latex/exporting Figure 3 - extended figure-1.pdf>
File: results/Figure4_Extended_OUSS_EGSS_3-5-10yrsSimulated.png Graphic file (type bmp)
<results/Figure4_Extended_OUSS_EGSS_3-5-10yrsSimulated.png>


[94]

[95]
File: vpm_eBird_files/figure-latex/exporting Figure 4-1.pdf Graphic file (type pdf)
<use vpm_eBird_files/figure-latex/exporting Figure 4-1.pdf>
File: results/Figure4_PLocalPersi_3-5-10yrsSimulated.png Graphic file (type bmp)
<results/Figure4_PLocalPersi_3-5-10yrsSimulated.png>


[96]

[97]

[98]
File: vpm_eBird_files/figure-latex/Persistence estimate and temporal absolute error-1.pdf Graphic file (type pdf)
<use vpm_eBird_files/figure-latex/Persistence estimate and temporal absolute error-1.pdf>


[99]
File: vpm_eBird_files/figure-latex/timeseries of model parameters in two datasets-1.pdf Graphic file (type pdf)
<use vpm_eBird_files/figure-latex/timeseries of model parameters in two datasets-1.pdf>


[100]
Overfull \vbox (2.00418pt too high) detected at line 5461
 []



[101]

[102]
File: vpm_eBird_files/figure-latex/temporal absolute error of model parameters-1.pdf Graphic file (type pdf)
<use vpm_eBird_files/figure-latex/temporal absolute error of model parameters-1.pdf>


[103]

[104]
Underfull \vbox (badness 10000) detected at line 5694
 []


Underfull \vbox (badness 10000) detected at line 5694
 []



[105]
File: vpm_eBird_files/figure-latex/eBird extended figure 3yrs - a-1.pdf Graphic file (type pdf)
<use vpm_eBird_files/figure-latex/eBird extended figure 3yrs - a-1.pdf>


[106]
Underfull \vbox (badness 10000) detected at line 5784
 []


Underfull \vbox (badness 10000) detected at line 5784
 []



[107]
File: vpm_eBird_files/figure-latex/eBird extended figure 3yrs - a-2.pdf Graphic file (type pdf)
<use vpm_eBird_files/figure-latex/eBird extended figure 3yrs - a-2.pdf>


[108]
File: vpm_eBird_files/figure-latex/eBird extended figure 3yrs - a-3.pdf Graphic file (type pdf)
<use vpm_eBird_files/figure-latex/eBird extended figure 3yrs - a-3.pdf>


[109]
File: vpm_eBird_files/figure-latex/eBird extended figure 3yrs - a-4.pdf Graphic file (type pdf)
<use vpm_eBird_files/figure-latex/eBird extended figure 3yrs - a-4.pdf>


[110]
File: results/Figure3_timeseries_PLocalPersi150weeks.png Graphic file (type bmp)
<results/Figure3_timeseries_PLocalPersi150weeks.png>


[111]

[112]
Underfull \vbox (badness 4582) detected at line 6095
 []



[113]
File: vpm_eBird_files/figure-latex/eBird extended figure 5yrs-1.pdf Graphic file (type pdf)
<use vpm_eBird_files/figure-latex/eBird extended figure 5yrs-1.pdf>


[114]
Underfull \vbox (badness 10000) detected at line 6174
 []



[115]
File: vpm_eBird_files/figure-latex/eBird extended figure 5yrs-2.pdf Graphic file (type pdf)
<use vpm_eBird_files/figure-latex/eBird extended figure 5yrs-2.pdf>


[116]
Overfull \vbox (0.89415pt too high) detected at line 6259
 []



[117]
File: vpm_eBird_files/figure-latex/eBird extended figure 5yrs-3.pdf Graphic file (type pdf)
<use vpm_eBird_files/figure-latex/eBird extended figure 5yrs-3.pdf>


[118]
File: vpm_eBird_files/figure-latex/eBird extended figure 5yrs-4.pdf Graphic file (type pdf)
<use vpm_eBird_files/figure-latex/eBird extended figure 5yrs-4.pdf>


[119]
File: vpm_eBird_files/figure-latex/eBird extended figure 5yrs-5.pdf Graphic file (type pdf)
<use vpm_eBird_files/figure-latex/eBird extended figure 5yrs-5.pdf>


[120]
File: results/Figure3_timeseries_PLocalPersi250weeks.png Graphic file (type bmp)
<results/Figure3_timeseries_PLocalPersi250weeks.png>


[121]

[122]
Underfull \vbox (badness 4582) detected at line 6505
 []



[123]
File: vpm_eBird_files/figure-latex/eBird extended figure 10yrs-1.pdf Graphic file (type pdf)
<use vpm_eBird_files/figure-latex/eBird extended figure 10yrs-1.pdf>


[124]
Underfull \vbox (badness 10000) detected at line 6584
 []



[125]
File: vpm_eBird_files/figure-latex/eBird extended figure 10yrs-2.pdf Graphic file (type pdf)
<use vpm_eBird_files/figure-latex/eBird extended figure 10yrs-2.pdf>


[126]
Overfull \vbox (0.89415pt too high) detected at line 6669
 []



[127]
File: vpm_eBird_files/figure-latex/eBird extended figure 10yrs-3.pdf Graphic file (type pdf)
<use vpm_eBird_files/figure-latex/eBird extended figure 10yrs-3.pdf>


[128]
File: vpm_eBird_files/figure-latex/eBird extended figure 10yrs-4.pdf Graphic file (type pdf)
<use vpm_eBird_files/figure-latex/eBird extended figure 10yrs-4.pdf>


[129]
File: vpm_eBird_files/figure-latex/eBird extended figure 10yrs-5.pdf Graphic file (type pdf)
<use vpm_eBird_files/figure-latex/eBird extended figure 10yrs-5.pdf>


[130]
File: results/Figure3_timeseries_PLocalPersi500weeks.png Graphic file (type bmp)
<results/Figure3_timeseries_PLocalPersi500weeks.png>


[131]

[132]
Missing character: There is no φ (U+03C6) in font [lmmono10-italic]:!

Overfull \vbox (1.98416pt too high) detected at line 6906
 []



[133

]
Underfull \vbox (badness 10000) detected at line 6906
 []


Underfull \vbox (badness 10000) detected at line 6906
 []



[134]
Underfull \vbox (badness 7631) detected at line 6963
 []



[135]
File: results/Sensitivity_DF.png Graphic file (type bmp)
<results/Sensitivity_DF.png>


[136]

[137]
Underfull \vbox (badness 10000) detected at line 7168
 []



[138]
File: vpm_eBird_files/figure-latex/correlation in sensitivity-1.pdf Graphic file (type pdf)
<use vpm_eBird_files/figure-latex/correlation in sensitivity-1.pdf>


[139]

[140]
File: results/Figure5ext_a_Sensitivity_correlations.png Graphic file (type bmp)
<results/Figure5ext_a_Sensitivity_correlations.png>


[141]

[142]
File: vpm_eBird_files/figure-latex/Figure 5 extended-1.pdf Graphic file (type pdf)
<use vpm_eBird_files/figure-latex/Figure 5 extended-1.pdf>


[143]
File: results/Figure5ext_b_sensitivity_datareduction.png Graphic file (type bmp)
<results/Figure5ext_b_sensitivity_datareduction.png>


[144]

[145]
File: vpm_eBird_files/figure-latex/sensitivity RMSE phiSM and phieBird-1.pdf Graphic file (type pdf)
<use vpm_eBird_files/figure-latex/sensitivity RMSE phiSM and phieBird-1.pdf>


[146]
Overfull \vbox (0.54419pt too high) detected at line 7551
 []



[147]
File: vpm_eBird_files/figure-latex/sensitivity temporal absolute error-1.pdf Graphic file (type pdf)
<use vpm_eBird_files/figure-latex/sensitivity temporal absolute error-1.pdf>


[148]

[149]
Underfull \vbox (badness 10000) detected at line 7690
 []


Underfull \vbox (badness 10000) detected at line 7690
 []



[150]

[151]

[152]

[153]
File: results/Figure5_sensitivity_datareduction.png Graphic file (type bmp)
<results/Figure5_sensitivity_datareduction.png>
Missing character: There is no ρ (U+03C1) in font [lmroman10-regular]:mapping=tex-text;!
Missing character: There is no ρ (U+03C1) in font [lmroman10-regular]:mapping=tex-text;!

LaTeX Warning: Float too large for page by 181.99673pt on input line 8040.



[154]

[155]

[156

]
Underfull \vbox (badness 10000) detected at line 8194
 []



[157]
File: vpm_eBird_files/figure-latex/filtering other populations - EGSS per month-1.pdf Graphic file (type pdf)
<use vpm_eBird_files/figure-latex/filtering other populations - EGSS per month-1.pdf>


[158]

[159]
File: vpm_eBird_files/figure-latex/map other populations-1.pdf Graphic file (type pdf)
<use vpm_eBird_files/figure-latex/map other populations-1.pdf>


[160]
Missing character: There is no φ (U+03C6) in font [lmmono10-italic]:!


[161]
Underfull \vbox (badness 10000) detected at line 8468
 []


Underfull \vbox (badness 10000) detected at line 8468
 []



[162]
Underfull \vbox (badness 10000) detected at line 8468
 []


Underfull \vbox (badness 10000) detected at line 8468
 []



[163]
Underfull \vbox (badness 10000) detected at line 8518
 []



[164]
File: vpm_eBird_files/figure-latex/Figure phi other populations N_c 5-1.pdf Graphic file (type pdf)
<use vpm_eBird_files/figure-latex/Figure phi other populations N_c 5-1.pdf>


[165]

[166]
File: vpm_eBird_files/figure-latex/Figure phi other populations N_c 2-1.pdf Graphic file (type pdf)
<use vpm_eBird_files/figure-latex/Figure phi other populations N_c 2-1.pdf>


[167] (./vpm_eBird.aux)
 ***********
LaTeX2e <2024-11-01> patch level 1
L3 programming layer <2024-11-02>
 ***********
 ) 
Here is how much of TeX's memory you used:
 19491 strings out of 475964
 391716 string characters out of 5777256
 908279 words of memory out of 5000000
 41966 multiletter control sequences out of 15000+600000
 565545 words of font info for 103 fonts, out of 8000000 for 9000
 14 hyphenation exceptions out of 8191
 90i,7n,123p,1712b,477s stack positions out of 10000i,1000n,20000p,200000b,200000s

Output written on vpm_eBird.pdf (167 pages).
